<?xml version="1.0" encoding="UTF-8"?>
<testsuite xmlns:xsi="http://www.w3.org/2001/XMLSchema-instance" xsi:noNamespaceSchemaLocation="https://maven.apache.org/surefire/maven-surefire-plugin/xsd/surefire-test-report-3.0.xsd" version="3.0" name="TestSuite" time="72.137" tests="2" errors="0" skipped="0" failures="0">
  <properties>
    <property name="gopherProxySet" value="false"/>
    <property name="awt.toolkit" value="sun.lwawt.macosx.LWCToolkit"/>
    <property name="file.encoding.pkg" value="sun.io"/>
    <property name="java.specification.version" value="1.8"/>
    <property name="webdriver.chrome.driver" value="./drivers/chromedriver"/>
    <property name="sun.cpu.isalist" value=""/>
    <property name="sun.jnu.encoding" value="UTF-8"/>
    <property name="java.class.path" value="/Users/srinivasulukolluri/java-2022-124/Eclipse.app/inetbankingV1/target/test-classes:/Users/srinivasulukolluri/java-2022-124/Eclipse.app/inetbankingV1/target/classes:/Users/srinivasulukolluri/.m2/repository/org/projectlombok/lombok/1.18.20/lombok-1.18.20.jar:/Users/srinivasulukolluri/.m2/repository/org/sikuli/sikuli-api/1.2.0/sikuli-api-1.2.0.jar:/Users/srinivasulukolluri/.m2/repository/org/sikuli/sikuli-core/1.2.2/sikuli-core-1.2.2.jar:/Users/srinivasulukolluri/.m2/repository/org/bytedeco/javacpp/0.9/javacpp-0.9.jar:/Users/srinivasulukolluri/.m2/repository/org/bytedeco/javacpp-presets/opencv/2.4.9-0.9/opencv-2.4.9-0.9.jar:/Users/srinivasulukolluri/.m2/repository/org/piccolo2d/piccolo2d-extras/1.3.1/piccolo2d-extras-1.3.1.jar:/Users/srinivasulukolluri/.m2/repository/org/piccolo2d/piccolo2d-core/1.3.1/piccolo2d-core-1.3.1.jar:/Users/srinivasulukolluri/.m2/repository/org/slf4j/slf4j-api/1.6.6/slf4j-api-1.6.6.jar:/Users/srinivasulukolluri/.m2/repository/org/apache/commons/commons-lang3/3.12.0/commons-lang3-3.12.0.jar:/Users/srinivasulukolluri/.m2/repository/commons-io/commons-io/1.3.2/commons-io-1.3.2.jar:/Users/srinivasulukolluri/.m2/repository/com/aventstack/extentreports/5.0.9/extentreports-5.0.9.jar:/Users/srinivasulukolluri/.m2/repository/io/reactivex/rxjava3/rxjava/3.0.4/rxjava-3.0.4.jar:/Users/srinivasulukolluri/.m2/repository/org/reactivestreams/reactive-streams/1.0.3/reactive-streams-1.0.3.jar:/Users/srinivasulukolluri/.m2/repository/org/freemarker/freemarker/2.3.30/freemarker-2.3.30.jar:/Users/srinivasulukolluri/.m2/repository/com/google/code/gson/gson/2.8.6/gson-2.8.6.jar:/Users/srinivasulukolluri/.m2/repository/org/apache/poi/poi-ooxml/4.1.1/poi-ooxml-4.1.1.jar:/Users/srinivasulukolluri/.m2/repository/org/apache/poi/poi-ooxml-schemas/4.1.1/poi-ooxml-schemas-4.1.1.jar:/Users/srinivasulukolluri/.m2/repository/org/apache/xmlbeans/xmlbeans/3.1.0/xmlbeans-3.1.0.jar:/Users/srinivasulukolluri/.m2/repository/org/apache/commons/commons-compress/1.19/commons-compress-1.19.jar:/Users/srinivasulukolluri/.m2/repository/com/github/virtuald/curvesapi/1.06/curvesapi-1.06.jar:/Users/srinivasulukolluri/.m2/repository/org/apache/poi/poi/4.1.2/poi-4.1.2.jar:/Users/srinivasulukolluri/.m2/repository/commons-codec/commons-codec/1.13/commons-codec-1.13.jar:/Users/srinivasulukolluri/.m2/repository/org/apache/commons/commons-collections4/4.4/commons-collections4-4.4.jar:/Users/srinivasulukolluri/.m2/repository/org/apache/commons/commons-math3/3.6.1/commons-math3-3.6.1.jar:/Users/srinivasulukolluri/.m2/repository/com/zaxxer/SparseBitSet/1.2/SparseBitSet-1.2.jar:/Users/srinivasulukolluri/.m2/repository/org/testng/testng/6.14.3/testng-6.14.3.jar:/Users/srinivasulukolluri/.m2/repository/com/beust/jcommander/1.72/jcommander-1.72.jar:/Users/srinivasulukolluri/.m2/repository/org/apache-extras/beanshell/bsh/2.0b6/bsh-2.0b6.jar:/Users/srinivasulukolluri/.m2/repository/org/seleniumhq/selenium/selenium-java/3.141.59/selenium-java-3.141.59.jar:/Users/srinivasulukolluri/.m2/repository/org/seleniumhq/selenium/selenium-api/3.141.59/selenium-api-3.141.59.jar:/Users/srinivasulukolluri/.m2/repository/org/seleniumhq/selenium/selenium-chrome-driver/3.141.59/selenium-chrome-driver-3.141.59.jar:/Users/srinivasulukolluri/.m2/repository/org/seleniumhq/selenium/selenium-edge-driver/3.141.59/selenium-edge-driver-3.141.59.jar:/Users/srinivasulukolluri/.m2/repository/org/seleniumhq/selenium/selenium-firefox-driver/3.141.59/selenium-firefox-driver-3.141.59.jar:/Users/srinivasulukolluri/.m2/repository/org/seleniumhq/selenium/selenium-ie-driver/3.141.59/selenium-ie-driver-3.141.59.jar:/Users/srinivasulukolluri/.m2/repository/org/seleniumhq/selenium/selenium-opera-driver/3.141.59/selenium-opera-driver-3.141.59.jar:/Users/srinivasulukolluri/.m2/repository/org/seleniumhq/selenium/selenium-remote-driver/3.141.59/selenium-remote-driver-3.141.59.jar:/Users/srinivasulukolluri/.m2/repository/org/seleniumhq/selenium/selenium-safari-driver/3.141.59/selenium-safari-driver-3.141.59.jar:/Users/srinivasulukolluri/.m2/repository/org/seleniumhq/selenium/selenium-support/3.141.59/selenium-support-3.141.59.jar:/Users/srinivasulukolluri/.m2/repository/net/bytebuddy/byte-buddy/1.8.15/byte-buddy-1.8.15.jar:/Users/srinivasulukolluri/.m2/repository/org/apache/commons/commons-exec/1.3/commons-exec-1.3.jar:/Users/srinivasulukolluri/.m2/repository/com/google/guava/guava/25.0-jre/guava-25.0-jre.jar:/Users/srinivasulukolluri/.m2/repository/com/google/code/findbugs/jsr305/1.3.9/jsr305-1.3.9.jar:/Users/srinivasulukolluri/.m2/repository/org/checkerframework/checker-compat-qual/2.0.0/checker-compat-qual-2.0.0.jar:/Users/srinivasulukolluri/.m2/repository/com/google/errorprone/error_prone_annotations/2.1.3/error_prone_annotations-2.1.3.jar:/Users/srinivasulukolluri/.m2/repository/com/google/j2objc/j2objc-annotations/1.1/j2objc-annotations-1.1.jar:/Users/srinivasulukolluri/.m2/repository/org/codehaus/mojo/animal-sniffer-annotations/1.14/animal-sniffer-annotations-1.14.jar:/Users/srinivasulukolluri/.m2/repository/com/squareup/okhttp3/okhttp/3.11.0/okhttp-3.11.0.jar:/Users/srinivasulukolluri/.m2/repository/com/squareup/okio/okio/1.14.0/okio-1.14.0.jar:/Users/srinivasulukolluri/.m2/repository/log4j/log4j/1.2.17/log4j-1.2.17.jar:/Users/srinivasulukolluri/.m2/repository/org/apache/logging/log4j/log4j-api/2.19.0/log4j-api-2.19.0.jar:/Users/srinivasulukolluri/.m2/repository/org/apache/logging/log4j/log4j-core/2.19.0/log4j-core-2.19.0.jar:/Users/srinivasulukolluri/.m2/repository/io/github/bonigarcia/webdrivermanager/5.3.2/webdrivermanager-5.3.2.jar:/Users/srinivasulukolluri/.m2/repository/com/github/docker-java/docker-java/3.2.14/docker-java-3.2.14.jar:/Users/srinivasulukolluri/.m2/repository/com/github/docker-java/docker-java-core/3.2.14/docker-java-core-3.2.14.jar:/Users/srinivasulukolluri/.m2/repository/com/github/docker-java/docker-java-api/3.2.14/docker-java-api-3.2.14.jar:/Users/srinivasulukolluri/.m2/repository/com/fasterxml/jackson/core/jackson-annotations/2.10.3/jackson-annotations-2.10.3.jar:/Users/srinivasulukolluri/.m2/repository/com/fasterxml/jackson/core/jackson-databind/2.10.3/jackson-databind-2.10.3.jar:/Users/srinivasulukolluri/.m2/repository/com/fasterxml/jackson/core/jackson-core/2.10.3/jackson-core-2.10.3.jar:/Users/srinivasulukolluri/.m2/repository/org/bouncycastle/bcpkix-jdk15on/1.64/bcpkix-jdk15on-1.64.jar:/Users/srinivasulukolluri/.m2/repository/org/bouncycastle/bcprov-jdk15on/1.64/bcprov-jdk15on-1.64.jar:/Users/srinivasulukolluri/.m2/repository/org/slf4j/jcl-over-slf4j/1.7.30/jcl-over-slf4j-1.7.30.jar:/Users/srinivasulukolluri/.m2/repository/com/github/docker-java/docker-java-transport-httpclient5/3.2.14/docker-java-transport-httpclient5-3.2.14.jar:/Users/srinivasulukolluri/.m2/repository/com/github/docker-java/docker-java-transport/3.2.14/docker-java-transport-3.2.14.jar:/Users/srinivasulukolluri/.m2/repository/net/java/dev/jna/jna/5.12.1/jna-5.12.1.jar:/Users/srinivasulukolluri/.m2/repository/org/brotli/dec/0.1.2/dec-0.1.2.jar:/Users/srinivasulukolluri/.m2/repository/org/apache/httpcomponents/client5/httpclient5/5.2.1/httpclient5-5.2.1.jar:/Users/srinivasulukolluri/.m2/repository/org/apache/httpcomponents/core5/httpcore5/5.2/httpcore5-5.2.jar:/Users/srinivasulukolluri/.m2/repository/org/apache/httpcomponents/core5/httpcore5-h2/5.2/httpcore5-h2-5.2.jar:/Users/srinivasulukolluri/.m2/repository/org/apache/maven/plugins/maven-compiler-plugin/3.11.0/maven-compiler-plugin-3.11.0.jar:/Users/srinivasulukolluri/.m2/repository/org/apache/maven/shared/maven-shared-utils/3.3.4/maven-shared-utils-3.3.4.jar:/Users/srinivasulukolluri/.m2/repository/org/apache/maven/shared/maven-shared-incremental/1.1/maven-shared-incremental-1.1.jar:/Users/srinivasulukolluri/.m2/repository/org/codehaus/plexus/plexus-component-annotations/1.5.5/plexus-component-annotations-1.5.5.jar:/Users/srinivasulukolluri/.m2/repository/org/codehaus/plexus/plexus-java/1.1.2/plexus-java-1.1.2.jar:/Users/srinivasulukolluri/.m2/repository/org/ow2/asm/asm/9.4/asm-9.4.jar:/Users/srinivasulukolluri/.m2/repository/com/thoughtworks/qdox/qdox/2.0.3/qdox-2.0.3.jar:/Users/srinivasulukolluri/.m2/repository/org/codehaus/plexus/plexus-compiler-api/2.13.0/plexus-compiler-api-2.13.0.jar:/Users/srinivasulukolluri/.m2/repository/org/codehaus/plexus/plexus-utils/3.4.2/plexus-utils-3.4.2.jar:/Users/srinivasulukolluri/.m2/repository/org/codehaus/plexus/plexus-compiler-manager/2.13.0/plexus-compiler-manager-2.13.0.jar:/Users/srinivasulukolluri/.m2/repository/org/codehaus/plexus/plexus-compiler-javac/2.13.0/plexus-compiler-javac-2.13.0.jar:"/>
    <property name="java.vm.vendor" value="Oracle Corporation"/>
    <property name="sun.arch.data.model" value="64"/>
    <property name="java.vendor.url" value="http://java.oracle.com/"/>
    <property name="user.timezone" value="America/New_York"/>
    <property name="java.vm.specification.version" value="1.8"/>
    <property name="os.name" value="Mac OS X"/>
    <property name="user.country" value="US"/>
    <property name="sun.java.launcher" value="SUN_STANDARD"/>
    <property name="sun.boot.library.path" value="/Library/Java/JavaVirtualMachines/jdk1.8.0_361.jdk/Contents/Home/jre/lib"/>
    <property name="sun.java.command" value="/Users/srinivasulukolluri/java-2022-124/Eclipse.app/inetbankingV1/target/surefire/surefirebooter-20230603010201865_3.jar /Users/srinivasulukolluri/java-2022-124/Eclipse.app/inetbankingV1/target/surefire 2023-06-03T01-02-01_338-jvmRun1 surefire-20230603010201865_1tmp surefire_0-20230603010201865_2tmp"/>
    <property name="http.nonProxyHosts" value="local|*.local|169.254/16|*.169.254/16"/>
    <property name="surefire.test.class.path" value="/Users/srinivasulukolluri/java-2022-124/Eclipse.app/inetbankingV1/target/test-classes:/Users/srinivasulukolluri/java-2022-124/Eclipse.app/inetbankingV1/target/classes:/Users/srinivasulukolluri/.m2/repository/org/projectlombok/lombok/1.18.20/lombok-1.18.20.jar:/Users/srinivasulukolluri/.m2/repository/org/sikuli/sikuli-api/1.2.0/sikuli-api-1.2.0.jar:/Users/srinivasulukolluri/.m2/repository/org/sikuli/sikuli-core/1.2.2/sikuli-core-1.2.2.jar:/Users/srinivasulukolluri/.m2/repository/org/bytedeco/javacpp/0.9/javacpp-0.9.jar:/Users/srinivasulukolluri/.m2/repository/org/bytedeco/javacpp-presets/opencv/2.4.9-0.9/opencv-2.4.9-0.9.jar:/Users/srinivasulukolluri/.m2/repository/org/piccolo2d/piccolo2d-extras/1.3.1/piccolo2d-extras-1.3.1.jar:/Users/srinivasulukolluri/.m2/repository/org/piccolo2d/piccolo2d-core/1.3.1/piccolo2d-core-1.3.1.jar:/Users/srinivasulukolluri/.m2/repository/org/slf4j/slf4j-api/1.6.6/slf4j-api-1.6.6.jar:/Users/srinivasulukolluri/.m2/repository/org/apache/commons/commons-lang3/3.12.0/commons-lang3-3.12.0.jar:/Users/srinivasulukolluri/.m2/repository/commons-io/commons-io/1.3.2/commons-io-1.3.2.jar:/Users/srinivasulukolluri/.m2/repository/com/aventstack/extentreports/5.0.9/extentreports-5.0.9.jar:/Users/srinivasulukolluri/.m2/repository/io/reactivex/rxjava3/rxjava/3.0.4/rxjava-3.0.4.jar:/Users/srinivasulukolluri/.m2/repository/org/reactivestreams/reactive-streams/1.0.3/reactive-streams-1.0.3.jar:/Users/srinivasulukolluri/.m2/repository/org/freemarker/freemarker/2.3.30/freemarker-2.3.30.jar:/Users/srinivasulukolluri/.m2/repository/com/google/code/gson/gson/2.8.6/gson-2.8.6.jar:/Users/srinivasulukolluri/.m2/repository/org/apache/poi/poi-ooxml/4.1.1/poi-ooxml-4.1.1.jar:/Users/srinivasulukolluri/.m2/repository/org/apache/poi/poi-ooxml-schemas/4.1.1/poi-ooxml-schemas-4.1.1.jar:/Users/srinivasulukolluri/.m2/repository/org/apache/xmlbeans/xmlbeans/3.1.0/xmlbeans-3.1.0.jar:/Users/srinivasulukolluri/.m2/repository/org/apache/commons/commons-compress/1.19/commons-compress-1.19.jar:/Users/srinivasulukolluri/.m2/repository/com/github/virtuald/curvesapi/1.06/curvesapi-1.06.jar:/Users/srinivasulukolluri/.m2/repository/org/apache/poi/poi/4.1.2/poi-4.1.2.jar:/Users/srinivasulukolluri/.m2/repository/commons-codec/commons-codec/1.13/commons-codec-1.13.jar:/Users/srinivasulukolluri/.m2/repository/org/apache/commons/commons-collections4/4.4/commons-collections4-4.4.jar:/Users/srinivasulukolluri/.m2/repository/org/apache/commons/commons-math3/3.6.1/commons-math3-3.6.1.jar:/Users/srinivasulukolluri/.m2/repository/com/zaxxer/SparseBitSet/1.2/SparseBitSet-1.2.jar:/Users/srinivasulukolluri/.m2/repository/org/testng/testng/6.14.3/testng-6.14.3.jar:/Users/srinivasulukolluri/.m2/repository/com/beust/jcommander/1.72/jcommander-1.72.jar:/Users/srinivasulukolluri/.m2/repository/org/apache-extras/beanshell/bsh/2.0b6/bsh-2.0b6.jar:/Users/srinivasulukolluri/.m2/repository/org/seleniumhq/selenium/selenium-java/3.141.59/selenium-java-3.141.59.jar:/Users/srinivasulukolluri/.m2/repository/org/seleniumhq/selenium/selenium-api/3.141.59/selenium-api-3.141.59.jar:/Users/srinivasulukolluri/.m2/repository/org/seleniumhq/selenium/selenium-chrome-driver/3.141.59/selenium-chrome-driver-3.141.59.jar:/Users/srinivasulukolluri/.m2/repository/org/seleniumhq/selenium/selenium-edge-driver/3.141.59/selenium-edge-driver-3.141.59.jar:/Users/srinivasulukolluri/.m2/repository/org/seleniumhq/selenium/selenium-firefox-driver/3.141.59/selenium-firefox-driver-3.141.59.jar:/Users/srinivasulukolluri/.m2/repository/org/seleniumhq/selenium/selenium-ie-driver/3.141.59/selenium-ie-driver-3.141.59.jar:/Users/srinivasulukolluri/.m2/repository/org/seleniumhq/selenium/selenium-opera-driver/3.141.59/selenium-opera-driver-3.141.59.jar:/Users/srinivasulukolluri/.m2/repository/org/seleniumhq/selenium/selenium-remote-driver/3.141.59/selenium-remote-driver-3.141.59.jar:/Users/srinivasulukolluri/.m2/repository/org/seleniumhq/selenium/selenium-safari-driver/3.141.59/selenium-safari-driver-3.141.59.jar:/Users/srinivasulukolluri/.m2/repository/org/seleniumhq/selenium/selenium-support/3.141.59/selenium-support-3.141.59.jar:/Users/srinivasulukolluri/.m2/repository/net/bytebuddy/byte-buddy/1.8.15/byte-buddy-1.8.15.jar:/Users/srinivasulukolluri/.m2/repository/org/apache/commons/commons-exec/1.3/commons-exec-1.3.jar:/Users/srinivasulukolluri/.m2/repository/com/google/guava/guava/25.0-jre/guava-25.0-jre.jar:/Users/srinivasulukolluri/.m2/repository/com/google/code/findbugs/jsr305/1.3.9/jsr305-1.3.9.jar:/Users/srinivasulukolluri/.m2/repository/org/checkerframework/checker-compat-qual/2.0.0/checker-compat-qual-2.0.0.jar:/Users/srinivasulukolluri/.m2/repository/com/google/errorprone/error_prone_annotations/2.1.3/error_prone_annotations-2.1.3.jar:/Users/srinivasulukolluri/.m2/repository/com/google/j2objc/j2objc-annotations/1.1/j2objc-annotations-1.1.jar:/Users/srinivasulukolluri/.m2/repository/org/codehaus/mojo/animal-sniffer-annotations/1.14/animal-sniffer-annotations-1.14.jar:/Users/srinivasulukolluri/.m2/repository/com/squareup/okhttp3/okhttp/3.11.0/okhttp-3.11.0.jar:/Users/srinivasulukolluri/.m2/repository/com/squareup/okio/okio/1.14.0/okio-1.14.0.jar:/Users/srinivasulukolluri/.m2/repository/log4j/log4j/1.2.17/log4j-1.2.17.jar:/Users/srinivasulukolluri/.m2/repository/org/apache/logging/log4j/log4j-api/2.19.0/log4j-api-2.19.0.jar:/Users/srinivasulukolluri/.m2/repository/org/apache/logging/log4j/log4j-core/2.19.0/log4j-core-2.19.0.jar:/Users/srinivasulukolluri/.m2/repository/io/github/bonigarcia/webdrivermanager/5.3.2/webdrivermanager-5.3.2.jar:/Users/srinivasulukolluri/.m2/repository/com/github/docker-java/docker-java/3.2.14/docker-java-3.2.14.jar:/Users/srinivasulukolluri/.m2/repository/com/github/docker-java/docker-java-core/3.2.14/docker-java-core-3.2.14.jar:/Users/srinivasulukolluri/.m2/repository/com/github/docker-java/docker-java-api/3.2.14/docker-java-api-3.2.14.jar:/Users/srinivasulukolluri/.m2/repository/com/fasterxml/jackson/core/jackson-annotations/2.10.3/jackson-annotations-2.10.3.jar:/Users/srinivasulukolluri/.m2/repository/com/fasterxml/jackson/core/jackson-databind/2.10.3/jackson-databind-2.10.3.jar:/Users/srinivasulukolluri/.m2/repository/com/fasterxml/jackson/core/jackson-core/2.10.3/jackson-core-2.10.3.jar:/Users/srinivasulukolluri/.m2/repository/org/bouncycastle/bcpkix-jdk15on/1.64/bcpkix-jdk15on-1.64.jar:/Users/srinivasulukolluri/.m2/repository/org/bouncycastle/bcprov-jdk15on/1.64/bcprov-jdk15on-1.64.jar:/Users/srinivasulukolluri/.m2/repository/org/slf4j/jcl-over-slf4j/1.7.30/jcl-over-slf4j-1.7.30.jar:/Users/srinivasulukolluri/.m2/repository/com/github/docker-java/docker-java-transport-httpclient5/3.2.14/docker-java-transport-httpclient5-3.2.14.jar:/Users/srinivasulukolluri/.m2/repository/com/github/docker-java/docker-java-transport/3.2.14/docker-java-transport-3.2.14.jar:/Users/srinivasulukolluri/.m2/repository/net/java/dev/jna/jna/5.12.1/jna-5.12.1.jar:/Users/srinivasulukolluri/.m2/repository/org/brotli/dec/0.1.2/dec-0.1.2.jar:/Users/srinivasulukolluri/.m2/repository/org/apache/httpcomponents/client5/httpclient5/5.2.1/httpclient5-5.2.1.jar:/Users/srinivasulukolluri/.m2/repository/org/apache/httpcomponents/core5/httpcore5/5.2/httpcore5-5.2.jar:/Users/srinivasulukolluri/.m2/repository/org/apache/httpcomponents/core5/httpcore5-h2/5.2/httpcore5-h2-5.2.jar:/Users/srinivasulukolluri/.m2/repository/org/apache/maven/plugins/maven-compiler-plugin/3.11.0/maven-compiler-plugin-3.11.0.jar:/Users/srinivasulukolluri/.m2/repository/org/apache/maven/shared/maven-shared-utils/3.3.4/maven-shared-utils-3.3.4.jar:/Users/srinivasulukolluri/.m2/repository/org/apache/maven/shared/maven-shared-incremental/1.1/maven-shared-incremental-1.1.jar:/Users/srinivasulukolluri/.m2/repository/org/codehaus/plexus/plexus-component-annotations/1.5.5/plexus-component-annotations-1.5.5.jar:/Users/srinivasulukolluri/.m2/repository/org/codehaus/plexus/plexus-java/1.1.2/plexus-java-1.1.2.jar:/Users/srinivasulukolluri/.m2/repository/org/ow2/asm/asm/9.4/asm-9.4.jar:/Users/srinivasulukolluri/.m2/repository/com/thoughtworks/qdox/qdox/2.0.3/qdox-2.0.3.jar:/Users/srinivasulukolluri/.m2/repository/org/codehaus/plexus/plexus-compiler-api/2.13.0/plexus-compiler-api-2.13.0.jar:/Users/srinivasulukolluri/.m2/repository/org/codehaus/plexus/plexus-utils/3.4.2/plexus-utils-3.4.2.jar:/Users/srinivasulukolluri/.m2/repository/org/codehaus/plexus/plexus-compiler-manager/2.13.0/plexus-compiler-manager-2.13.0.jar:/Users/srinivasulukolluri/.m2/repository/org/codehaus/plexus/plexus-compiler-javac/2.13.0/plexus-compiler-javac-2.13.0.jar:"/>
    <property name="sun.cpu.endian" value="little"/>
    <property name="user.home" value="/Users/srinivasulukolluri"/>
    <property name="user.language" value="en"/>
    <property name="java.specification.vendor" value="Oracle Corporation"/>
    <property name="java.home" value="/Library/Java/JavaVirtualMachines/jdk1.8.0_361.jdk/Contents/Home/jre"/>
    <property name="basedir" value="/Users/srinivasulukolluri/java-2022-124/Eclipse.app/inetbankingV1"/>
    <property name="style.color" value="always"/>
    <property name="file.separator" value="/"/>
    <property name="line.separator" value="&#10;"/>
    <property name="java.vm.specification.vendor" value="Oracle Corporation"/>
    <property name="java.specification.name" value="Java Platform API Specification"/>
    <property name="java.awt.graphicsenv" value="sun.awt.CGraphicsEnvironment"/>
    <property name="surefire.real.class.path" value="/Users/srinivasulukolluri/java-2022-124/Eclipse.app/inetbankingV1/target/surefire/surefirebooter-20230603010201865_3.jar"/>
    <property name="sun.boot.class.path" value="/Library/Java/JavaVirtualMachines/jdk1.8.0_361.jdk/Contents/Home/jre/lib/resources.jar:/Library/Java/JavaVirtualMachines/jdk1.8.0_361.jdk/Contents/Home/jre/lib/rt.jar:/Library/Java/JavaVirtualMachines/jdk1.8.0_361.jdk/Contents/Home/jre/lib/jsse.jar:/Library/Java/JavaVirtualMachines/jdk1.8.0_361.jdk/Contents/Home/jre/lib/jce.jar:/Library/Java/JavaVirtualMachines/jdk1.8.0_361.jdk/Contents/Home/jre/lib/charsets.jar:/Library/Java/JavaVirtualMachines/jdk1.8.0_361.jdk/Contents/Home/jre/lib/jfr.jar:/Library/Java/JavaVirtualMachines/jdk1.8.0_361.jdk/Contents/Home/jre/classes"/>
    <property name="sun.management.compiler" value="HotSpot 64-Bit Tiered Compilers"/>
    <property name="ftp.nonProxyHosts" value="local|*.local|169.254/16|*.169.254/16"/>
    <property name="java.runtime.version" value="1.8.0_361-b09"/>
    <property name="user.name" value="srinivasulukolluri"/>
    <property name="path.separator" value=":"/>
    <property name="os.version" value="13.3.1"/>
    <property name="java.endorsed.dirs" value="/Library/Java/JavaVirtualMachines/jdk1.8.0_361.jdk/Contents/Home/jre/lib/endorsed"/>
    <property name="java.runtime.name" value="Java(TM) SE Runtime Environment"/>
    <property name="file.encoding" value="UTF-8"/>
    <property name="java.vm.name" value="Java HotSpot(TM) 64-Bit Server VM"/>
    <property name="localRepository" value="/Users/srinivasulukolluri/.m2/repository"/>
    <property name="java.vendor.url.bug" value="http://bugreport.sun.com/bugreport/"/>
    <property name="java.io.tmpdir" value="/var/folders/ft/ymr8gp0n4jnccqzby10kc7w00000gn/T/"/>
    <property name="java.version" value="1.8.0_361"/>
    <property name="user.dir" value="/Users/srinivasulukolluri/java-2022-124/Eclipse.app/inetbankingV1"/>
    <property name="os.arch" value="x86_64"/>
    <property name="java.vm.specification.name" value="Java Virtual Machine Specification"/>
    <property name="java.awt.printerjob" value="sun.lwawt.macosx.CPrinterJob"/>
    <property name="sun.os.patch.level" value="unknown"/>
    <property name="java.library.path" value="/Users/srinivasulukolluri/Library/Java/Extensions:/Library/Java/Extensions:/Network/Library/Java/Extensions:/System/Library/Java/Extensions:/usr/lib/java:."/>
    <property name="java.vm.info" value="mixed mode"/>
    <property name="java.vendor" value="Oracle Corporation"/>
    <property name="java.vm.version" value="25.361-b09"/>
    <property name="java.specification.maintenance.version" value="4"/>
    <property name="java.ext.dirs" value="/Users/srinivasulukolluri/Library/Java/Extensions:/Library/Java/JavaVirtualMachines/jdk1.8.0_361.jdk/Contents/Home/jre/lib/ext:/Library/Java/Extensions:/Network/Library/Java/Extensions:/System/Library/Java/Extensions:/usr/lib/java"/>
    <property name="sun.io.unicode.encoding" value="UnicodeBig"/>
    <property name="java.class.version" value="52.0"/>
    <property name="socksNonProxyHosts" value="local|*.local|169.254/16|*.169.254/16"/>
  </properties>
  <testcase name="addNewCustomer" classname="com.inetbanking.testcases.TC_AddCustomerTest_003" time="30.317">
    <system-out><![CDATA[[TestNGContentHandler] [WARN] It is strongly recommended to add "<!DOCTYPE suite SYSTEM "http://testng.org/testng-1.0.dtd" >" at the top of your file, otherwise TestNG may fail or not work as expected.
2023-06-03 01:02:24 INFO  TC_LoginDDT_002:24 - username is provided
2023-06-03 01:02:24 INFO  TC_LoginDDT_002:26 - password is provided
2023-06-03 01:02:30 INFO  TC_LoginDDT_002:32 - provideding customer details
]]></system-out>
    <system-err><![CDATA[log4j:ERROR Could not read configuration file [/Users/srinivasulukolluri/java-2022-124/Eclipse.app/inetbankingV1/log4j.properties].
java.io.FileNotFoundException: /Users/srinivasulukolluri/java-2022-124/Eclipse.app/inetbankingV1/log4j.properties (No such file or directory)
	at java.io.FileInputStream.open0(Native Method)
	at java.io.FileInputStream.open(FileInputStream.java:195)
	at java.io.FileInputStream.<init>(FileInputStream.java:138)
	at java.io.FileInputStream.<init>(FileInputStream.java:93)
	at org.apache.log4j.PropertyConfigurator.doConfigure(PropertyConfigurator.java:372)
	at org.apache.log4j.PropertyConfigurator.configure(PropertyConfigurator.java:403)
	at com.inetbanking.testcases.BaseClass.setup(BaseClass.java:59)
	at sun.reflect.NativeMethodAccessorImpl.invoke0(Native Method)
	at sun.reflect.NativeMethodAccessorImpl.invoke(NativeMethodAccessorImpl.java:62)
	at sun.reflect.DelegatingMethodAccessorImpl.invoke(DelegatingMethodAccessorImpl.java:43)
	at java.lang.reflect.Method.invoke(Method.java:498)
	at org.testng.internal.MethodInvocationHelper.invokeMethod(MethodInvocationHelper.java:124)
	at org.testng.internal.MethodInvocationHelper.invokeMethodConsideringTimeout(MethodInvocationHelper.java:59)
	at org.testng.internal.Invoker.invokeConfigurationMethod(Invoker.java:458)
	at org.testng.internal.Invoker.invokeConfigurations(Invoker.java:222)
	at org.testng.internal.Invoker.invokeConfigurations(Invoker.java:142)
	at org.testng.internal.TestMethodWorker.invokeBeforeClassMethods(TestMethodWorker.java:168)
	at org.testng.internal.TestMethodWorker.run(TestMethodWorker.java:105)
	at org.testng.TestRunner.privateRun(TestRunner.java:648)
	at org.testng.TestRunner.run(TestRunner.java:505)
	at org.testng.SuiteRunner.runTest(SuiteRunner.java:455)
	at org.testng.SuiteRunner.runSequentially(SuiteRunner.java:450)
	at org.testng.SuiteRunner.privateRun(SuiteRunner.java:415)
	at org.testng.SuiteRunner.run(SuiteRunner.java:364)
	at org.testng.SuiteRunnerWorker.runSuite(SuiteRunnerWorker.java:52)
	at org.testng.SuiteRunnerWorker.run(SuiteRunnerWorker.java:84)
	at org.testng.TestNG.runSuitesSequentially(TestNG.java:1208)
	at org.testng.TestNG.runSuitesLocally(TestNG.java:1137)
	at org.testng.TestNG.runSuites(TestNG.java:1049)
	at org.testng.TestNG.run(TestNG.java:1017)
	at org.apache.maven.surefire.testng.TestNGExecutor.run(TestNGExecutor.java:308)
	at org.apache.maven.surefire.testng.TestNGXmlTestSuite.execute(TestNGXmlTestSuite.java:71)
	at org.apache.maven.surefire.testng.TestNGProvider.invoke(TestNGProvider.java:113)
	at org.apache.maven.surefire.booter.ForkedBooter.runSuitesInProcess(ForkedBooter.java:385)
	at org.apache.maven.surefire.booter.ForkedBooter.execute(ForkedBooter.java:162)
	at org.apache.maven.surefire.booter.ForkedBooter.run(ForkedBooter.java:507)
	at org.apache.maven.surefire.booter.ForkedBooter.main(ForkedBooter.java:495)
log4j:ERROR Ignoring configuration file [/Users/srinivasulukolluri/java-2022-124/Eclipse.app/inetbankingV1/log4j.properties].
Starting ChromeDriver 113.0.5672.63 (0e1a4471d5ae5bf128b1bd8f4d627c8cbd55f70c-refs/branch-heads/5672@{#912}) on port 36755
Only local connections are allowed.
Please see https://chromedriver.chromium.org/security-considerations for suggestions on keeping ChromeDriver safe.
ChromeDriver was started successfully.
[1685768531.612][WARNING]: This version of ChromeDriver has not been tested with Chrome version 114.
Jun 03, 2023 1:02:12 AM org.openqa.selenium.remote.ProtocolHandshake createSession
INFO: Detected dialect: W3C
]]></system-err>
  </testcase>
  <testcase name="LoginTest" classname="com.inetbanking.testcases.Tc_LoginTest_001" time="10.304">
    <system-out><![CDATA[2023-06-03 01:03:04 INFO  TC_LoginDDT_002:21 - URL is Opened
2023-06-03 01:03:04 INFO  TC_LoginDDT_002:25 - Window is Maximised
2023-06-03 01:03:10 INFO  TC_LoginDDT_002:35 - Username Entered 
2023-06-03 01:03:10 INFO  TC_LoginDDT_002:39 - Password Entered 
2023-06-03 01:03:12 INFO  TC_LoginDDT_002:43 - Submited and Entered to mail page
Screenshot Taken
2023-06-03 01:03:13 INFO  TC_LoginDDT_002:57 - login test failed
]]></system-out>
    <system-err><![CDATA[log4j:ERROR Could not read configuration file [/Users/srinivasulukolluri/java-2022-124/Eclipse.app/inetbankingV1/log4j.properties].
java.io.FileNotFoundException: /Users/srinivasulukolluri/java-2022-124/Eclipse.app/inetbankingV1/log4j.properties (No such file or directory)
	at java.io.FileInputStream.open0(Native Method)
	at java.io.FileInputStream.open(FileInputStream.java:195)
	at java.io.FileInputStream.<init>(FileInputStream.java:138)
	at java.io.FileInputStream.<init>(FileInputStream.java:93)
	at org.apache.log4j.PropertyConfigurator.doConfigure(PropertyConfigurator.java:372)
	at org.apache.log4j.PropertyConfigurator.configure(PropertyConfigurator.java:403)
	at com.inetbanking.testcases.BaseClass.setup(BaseClass.java:59)
	at sun.reflect.NativeMethodAccessorImpl.invoke0(Native Method)
	at sun.reflect.NativeMethodAccessorImpl.invoke(NativeMethodAccessorImpl.java:62)
	at sun.reflect.DelegatingMethodAccessorImpl.invoke(DelegatingMethodAccessorImpl.java:43)
	at java.lang.reflect.Method.invoke(Method.java:498)
	at org.testng.internal.MethodInvocationHelper.invokeMethod(MethodInvocationHelper.java:124)
	at org.testng.internal.MethodInvocationHelper.invokeMethodConsideringTimeout(MethodInvocationHelper.java:59)
	at org.testng.internal.Invoker.invokeConfigurationMethod(Invoker.java:458)
	at org.testng.internal.Invoker.invokeConfigurations(Invoker.java:222)
	at org.testng.internal.Invoker.invokeConfigurations(Invoker.java:142)
	at org.testng.internal.TestMethodWorker.invokeBeforeClassMethods(TestMethodWorker.java:168)
	at org.testng.internal.TestMethodWorker.run(TestMethodWorker.java:105)
	at org.testng.TestRunner.privateRun(TestRunner.java:648)
	at org.testng.TestRunner.run(TestRunner.java:505)
	at org.testng.SuiteRunner.runTest(SuiteRunner.java:455)
	at org.testng.SuiteRunner.runSequentially(SuiteRunner.java:450)
	at org.testng.SuiteRunner.privateRun(SuiteRunner.java:415)
	at org.testng.SuiteRunner.run(SuiteRunner.java:364)
	at org.testng.SuiteRunnerWorker.runSuite(SuiteRunnerWorker.java:52)
	at org.testng.SuiteRunnerWorker.run(SuiteRunnerWorker.java:84)
	at org.testng.TestNG.runSuitesSequentially(TestNG.java:1208)
	at org.testng.TestNG.runSuitesLocally(TestNG.java:1137)
	at org.testng.TestNG.runSuites(TestNG.java:1049)
	at org.testng.TestNG.run(TestNG.java:1017)
	at org.apache.maven.surefire.testng.TestNGExecutor.run(TestNGExecutor.java:308)
	at org.apache.maven.surefire.testng.TestNGXmlTestSuite.execute(TestNGXmlTestSuite.java:71)
	at org.apache.maven.surefire.testng.TestNGProvider.invoke(TestNGProvider.java:113)
	at org.apache.maven.surefire.booter.ForkedBooter.runSuitesInProcess(ForkedBooter.java:385)
	at org.apache.maven.surefire.booter.ForkedBooter.execute(ForkedBooter.java:162)
	at org.apache.maven.surefire.booter.ForkedBooter.run(ForkedBooter.java:507)
	at org.apache.maven.surefire.booter.ForkedBooter.main(ForkedBooter.java:495)
log4j:ERROR Ignoring configuration file [/Users/srinivasulukolluri/java-2022-124/Eclipse.app/inetbankingV1/log4j.properties].
Starting ChromeDriver 113.0.5672.63 (0e1a4471d5ae5bf128b1bd8f4d627c8cbd55f70c-refs/branch-heads/5672@{#912}) on port 41198
Only local connections are allowed.
Please see https://chromedriver.chromium.org/security-considerations for suggestions on keeping ChromeDriver safe.
ChromeDriver was started successfully.
[1685768577.418][WARNING]: This version of ChromeDriver has not been tested with Chrome version 114.
Jun 03, 2023 1:02:57 AM org.openqa.selenium.remote.ProtocolHandshake createSession
INFO: Detected dialect: W3C
]]></system-err>
  </testcase>
</testsuite>