<?xml version="1.0" encoding="UTF-8"?>
<!-- Generated by org.testng.reporters.JUnitReportReporter -->
<testsuite skipped="0" hostname="SrinivasulusMBP.lan" name="com.inetbanking.testcases.Tc_LoginTest_001" tests="1" failures="0" timestamp="01 Jun 2023 16:36:52 GMT" time="13.856" errors="0">
  <testcase name="LoginTest" time="13.856" classname="com.inetbanking.testcases.Tc_LoginTest_001"/>
</testsuite> <!-- com.inetbanking.testcases.Tc_LoginTest_001 -->
