<?xml version="1.0" encoding="UTF-8"?>
<!-- Generated by org.testng.reporters.JUnitReportReporter -->
<testsuite skipped="0" hostname="SrinivasulusMBP.lan" name="com.inetbanking.testcases.logproties" tests="1" failures="0" timestamp="23 May 2023 18:30:15 GMT" time="0.032" errors="0">
  <testcase name="performSomeTask" time="0.032" classname="com.inetbanking.testcases.logproties"/>
</testsuite> <!-- com.inetbanking.testcases.logproties -->
