<?xml version="1.0" encoding="UTF-8"?>
<!-- Generated by org.testng.reporters.JUnitReportReporter -->
<testsuite skipped="0" hostname="SrinivasulusMBP.lan" name="com.inetbanking.testcases.LOG4j2demo" tests="1" failures="0" timestamp="29 May 2023 14:42:29 GMT" time="0.024" errors="0">
  <testcase name="test" time="0.024" classname="com.inetbanking.testcases.LOG4j2demo"/>
</testsuite> <!-- com.inetbanking.testcases.LOG4j2demo -->
