<?xml version="1.0" encoding="UTF-8"?>
<!-- Generated by org.testng.reporters.JUnitReportReporter -->
<testsuite skipped="0" hostname="SrinivasulusMBP.lan" name="com.inetbanking.testcases.TC_AddCustomerTest_003" tests="1" failures="0" timestamp="01 Jun 2023 18:35:29 GMT" time="32.363" errors="0">
  <testcase name="addNewCustomer" time="32.363" classname="com.inetbanking.testcases.TC_AddCustomerTest_003"/>
</testsuite> <!-- com.inetbanking.testcases.TC_AddCustomerTest_003 -->
